Vivado Simulator 2018.1
Copyright 1986-1999, 2001-2017 Xilinx, Inc. All Rights Reserved.
Running: D:/vivado/Vivado/2018.1/bin/unwrapped/win64.o/xelab.exe -wto 77413fc51bc44faa9290564b834a7060 --incr --debug typical --relax --mt 2 --maxdelay -L xil_defaultlib -L simprims_ver -L secureip --snapshot auto_caculate_test_time_impl -transport_int_delays -pulse_r 0 -pulse_int_r 0 -pulse_e 0 -pulse_int_e 0 xil_defaultlib.auto_caculate_test xil_defaultlib.glbl -log elaborate.log 
Using 2 slave threads.
Starting static elaboration
Completed static elaboration
Starting simulation data flow analysis
Completed simulation data flow analysis
INFO: [XSIM 43-3451] SDF backannotation process started with SDF file "auto_caculate_test_time_impl.sdf", for root module "auto_caculate_test/test".
INFO: [XSIM 43-3452] SDF backannotation was successful for SDF file "auto_caculate_test_time_impl.sdf", for root module "auto_caculate_test/test".
Time Resolution for simulation is 1ps
Compiling module simprims_ver.BUFG
Compiling module simprims_ver.IBUF
Compiling module simprims_ver.OBUF
Compiling module simprims_ver.LUT4
Compiling module simprims_ver.LUT5
Compiling module simprims_ver.LUT6
Compiling module simprims_ver.FDRE_default
Compiling module simprims_ver.CARRY4
Compiling module xil_defaultlib.register
Compiling module xil_defaultlib.register_0
Compiling module xil_defaultlib.M1
Compiling module simprims_ver.x_lut3_mux8
Compiling module simprims_ver.LUT3
Compiling module simprims_ver.FDSE_default
Compiling module xil_defaultlib.FSM
Compiling module xil_defaultlib.auto_caculation
Compiling module xil_defaultlib.auto_caculate_test
Compiling module xil_defaultlib.glbl
Built simulation snapshot auto_caculate_test_time_impl
