#-----------------------------------------------------------
# Vivado v2018.1 (64-bit)
# SW Build 2188600 on Wed Apr  4 18:40:38 MDT 2018
# IP Build 2185939 on Wed Apr  4 20:55:05 MDT 2018
# Start of session at: Tue Jun 12 20:37:46 2018
# Process ID: 884
# Current directory: E:/shu_zi_luo_ji/shiyan2_1
# Command line: vivado.exe -gui_launcher_event rodinguilauncherevent10788 E:\shu_zi_luo_ji\shiyan2_1\shiyan2.xpr
# Log file: E:/shu_zi_luo_ji/shiyan2_1/vivado.log
# Journal file: E:/shu_zi_luo_ji/shiyan2_1\vivado.jou
#-----------------------------------------------------------
start_gui
open_project E:/shu_zi_luo_ji/shiyan2_1/shiyan2.xpr
Scanning sources...
Finished scanning sources
INFO: [IP_Flow 19-234] Refreshing IP repositories
INFO: [IP_Flow 19-1704] No user IP repositories specified
INFO: [IP_Flow 19-2313] Loaded Vivado IP repository 'D:/vivado/Vivado/2018.1/data/ip'.
open_project: Time (s): cpu = 00:00:11 ; elapsed = 00:00:05 . Memory (MB): peak = 892.945 ; gain = 146.805
update_compile_order -fileset sources_1
exit
INFO: [Common 17-206] Exiting Vivado at Tue Jun 12 20:46:56 2018...
