#-----------------------------------------------------------
# Vivado v2018.1 (64-bit)
# SW Build 2188600 on Wed Apr  4 18:40:38 MDT 2018
# IP Build 2185939 on Wed Apr  4 20:55:05 MDT 2018
# Start of session at: Thu Jun 14 18:58:42 2018
# Process ID: 15756
# Current directory: E:/shu_zi_luo_ji/shiyan2_1
# Command line: vivado.exe -gui_launcher_event rodinguilauncherevent2428 E:\shu_zi_luo_ji\shiyan2_1\shiyan2.xpr
# Log file: E:/shu_zi_luo_ji/shiyan2_1/vivado.log
# Journal file: E:/shu_zi_luo_ji/shiyan2_1\vivado.jou
#-----------------------------------------------------------
start_gui
open_project E:/shu_zi_luo_ji/shiyan2_1/shiyan2.xpr
Scanning sources...
Finished scanning sources
INFO: [IP_Flow 19-234] Refreshing IP repositories
INFO: [IP_Flow 19-1704] No user IP repositories specified
INFO: [IP_Flow 19-2313] Loaded Vivado IP repository 'D:/vivado/Vivado/2018.1/data/ip'.
open_project: Time (s): cpu = 00:00:12 ; elapsed = 00:00:05 . Memory (MB): peak = 814.184 ; gain = 76.965
update_compile_order -fileset sources_1
exit
INFO: [Common 17-206] Exiting Vivado at Thu Jun 14 20:42:20 2018...
