Copyright 1986-2015 Xilinx, Inc. All Rights Reserved.
-----------------------------------------------------------------------------------------
| Tool Version : Vivado v.2015.2 (win64) Build 1266856 Fri Jun 26 16:35:25 MDT 2015
| Date         : Tue May 22 11:24:02 2018
| Host         : 803-005 running 64-bit Service Pack 1  (build 7601)
| Command      : report_control_sets -verbose -file dynamic_scan_control_sets_placed.rpt
| Design       : dynamic_scan
| Device       : xc7a100t
-----------------------------------------------------------------------------------------

Control Set Information

Table of Contents
-----------------
1. Summary
2. Flip-Flop Distribution
3. Detailed Control Set Information

1. Summary
----------

+-------------------------------------------------------------------+-------+
|                               Status                              | Count |
+-------------------------------------------------------------------+-------+
| Number of unique control sets                                     |     3 |
| Minimum Number of register sites lost to control set restrictions |    12 |
+-------------------------------------------------------------------+-------+


2. Flip-Flop Distribution
-------------------------

+--------------+-----------------------+------------------------+-----------------+--------------+
| Clock Enable | Synchronous Set/Reset | Asynchronous Set/Reset | Total Registers | Total Slices |
+--------------+-----------------------+------------------------+-----------------+--------------+
| No           | No                    | No                     |               4 |            2 |
| No           | No                    | Yes                    |               0 |            0 |
| No           | Yes                   | No                     |              32 |            8 |
| Yes          | No                    | No                     |               0 |            0 |
| Yes          | No                    | Yes                    |               0 |            0 |
| Yes          | Yes                   | No                     |               0 |            0 |
+--------------+-----------------------+------------------------+-----------------+--------------+


3. Detailed Control Set Information
-----------------------------------

+---------------------------+---------------+----------------------------------+------------------+----------------+
|        Clock Signal       | Enable Signal |         Set/Reset Signal         | Slice Load Count | Bel Load Count |
+---------------------------+---------------+----------------------------------+------------------+----------------+
|  clk_IBUF_BUFG            |               |                                  |                1 |              1 |
|  nolabel_line9/out_reg[0] |               |                                  |                1 |              3 |
|  clk_IBUF_BUFG            |               | nolabel_line9/counter[0]_i_1_n_0 |                8 |             32 |
+---------------------------+---------------+----------------------------------+------------------+----------------+


