#-----------------------------------------------------------
# Vivado v2018.1 (64-bit)
# SW Build 2188600 on Wed Apr  4 18:40:38 MDT 2018
# IP Build 2185939 on Wed Apr  4 20:55:05 MDT 2018
# Start of session at: Wed Jun 13 15:39:27 2018
# Process ID: 6800
# Current directory: E:/verilog/lpz_vivado/shiyan4
# Command line: vivado.exe -gui_launcher_event rodinguilauncherevent15332 E:\verilog\lpz_vivado\shiyan4\shiyan4.xpr
# Log file: E:/verilog/lpz_vivado/shiyan4/vivado.log
# Journal file: E:/verilog/lpz_vivado/shiyan4\vivado.jou
#-----------------------------------------------------------
start_gui
open_project E:/verilog/lpz_vivado/shiyan4/shiyan4.xpr
INFO: [Project 1-313] Project file moved from 'E:/shiyan4' since last save.
Scanning sources...
Finished scanning sources
INFO: [IP_Flow 19-234] Refreshing IP repositories
INFO: [IP_Flow 19-1704] No user IP repositories specified
INFO: [IP_Flow 19-2313] Loaded Vivado IP repository 'D:/vivado/Vivado/2018.1/data/ip'.
update_compile_order -fileset sources_1
exit
INFO: [Common 17-206] Exiting Vivado at Wed Jun 13 16:10:00 2018...
