#-----------------------------------------------------------
# Vivado v2018.1 (64-bit)
# SW Build 2188600 on Wed Apr  4 18:40:38 MDT 2018
# IP Build 2185939 on Wed Apr  4 20:55:05 MDT 2018
# Start of session at: Mon Jun 18 13:23:53 2018
# Process ID: 12564
# Current directory: E:/shu_zi_luo_ji/shiyan2_2
# Command line: vivado.exe -gui_launcher_event rodinguilauncherevent7092 E:\shu_zi_luo_ji\shiyan2_2\shiyan2_2.xpr
# Log file: E:/shu_zi_luo_ji/shiyan2_2/vivado.log
# Journal file: E:/shu_zi_luo_ji/shiyan2_2\vivado.jou
#-----------------------------------------------------------
start_gui
open_project E:/shu_zi_luo_ji/shiyan2_2/shiyan2_2.xpr
Scanning sources...
Finished scanning sources
INFO: [IP_Flow 19-234] Refreshing IP repositories
INFO: [IP_Flow 19-1704] No user IP repositories specified
INFO: [IP_Flow 19-2313] Loaded Vivado IP repository 'D:/vivado/Vivado/2018.1/data/ip'.
update_compile_order -fileset sources_1
exit
INFO: [Common 17-206] Exiting Vivado at Mon Jun 18 13:25:15 2018...
