#-----------------------------------------------------------
# Vivado v2018.1 (64-bit)
# SW Build 2188600 on Wed Apr  4 18:40:38 MDT 2018
# IP Build 2185939 on Wed Apr  4 20:55:05 MDT 2018
# Start of session at: Mon Sep 10 11:27:39 2018
# Process ID: 936
# Current directory: E:/keshe
# Command line: vivado.exe -gui_launcher_event rodinguilauncherevent7716 E:\keshe\keshe.xpr
# Log file: E:/keshe/vivado.log
# Journal file: E:/keshe\vivado.jou
#-----------------------------------------------------------
start_gui
open_project E:/keshe/keshe.xpr
Scanning sources...
Finished scanning sources
INFO: [IP_Flow 19-234] Refreshing IP repositories
INFO: [IP_Flow 19-1704] No user IP repositories specified
INFO: [IP_Flow 19-2313] Loaded Vivado IP repository 'D:/vivado/Vivado/2018.1/data/ip'.
update_compile_order -fileset sources_1
open_hw
connect_hw_server
INFO: [Labtools 27-2285] Connecting to hw_server url TCP:localhost:3121
INFO: [Labtools 27-2222] Launching hw_server...
INFO: [Labtools 27-2221] Launch Output:

****** Xilinx hw_server v2018.1
  **** Build date : Apr  4 2018-19:32:53
    ** Copyright 1986-2018 Xilinx, Inc. All Rights Reserved.


open_hw_target
INFO: [Labtoolstcl 44-466] Opening hw_target localhost:3121/xilinx_tcf/Digilent/210274593127A
set_property PROGRAM.FILE {E:/keshe/keshe.runs/impl_1/top.bit} [get_hw_devices xc7a100t_0]
current_hw_device [get_hw_devices xc7a100t_0]
refresh_hw_device -update_hw_probes false [lindex [get_hw_devices xc7a100t_0] 0]
INFO: [Labtools 27-1434] Device xc7a100t (JTAG device index = 0) is programmed with a design that has no supported debug core(s) in it.
WARNING: [Labtools 27-3361] The debug hub core was not detected.
Resolution: 
1. Make sure the clock connected to the debug hub (dbg_hub) core is a free running clock and is active.
2. Make sure the BSCAN_SWITCH_USER_MASK device property in Vivado Hardware Manager reflects the user scan chain setting in the design and refresh the device.  To determine the user scan chain setting in the design, open the implemented design and use 'get_property C_USER_SCAN_CHAIN [get_debug_cores dbg_hub]'.
For more details on setting the scan chain property, consult the Vivado Debug and Programming User Guide (UG908).
set_property PROBES.FILE {} [get_hw_devices xc7a100t_0]
set_property FULL_PROBES.FILE {} [get_hw_devices xc7a100t_0]
set_property PROGRAM.FILE {E:/keshe/keshe.runs/impl_1/top.bit} [get_hw_devices xc7a100t_0]
program_hw_devices [get_hw_devices xc7a100t_0]
INFO: [Labtools 27-3164] End of startup status: HIGH
refresh_hw_device [lindex [get_hw_devices xc7a100t_0] 0]
INFO: [Labtools 27-1434] Device xc7a100t (JTAG device index = 0) is programmed with a design that has no supported debug core(s) in it.
WARNING: [Labtools 27-3361] The debug hub core was not detected.
Resolution: 
1. Make sure the clock connected to the debug hub (dbg_hub) core is a free running clock and is active.
2. Make sure the BSCAN_SWITCH_USER_MASK device property in Vivado Hardware Manager reflects the user scan chain setting in the design and refresh the device.  To determine the user scan chain setting in the design, open the implemented design and use 'get_property C_USER_SCAN_CHAIN [get_debug_cores dbg_hub]'.
For more details on setting the scan chain property, consult the Vivado Debug and Programming User Guide (UG908).
close_hw
launch_simulation
INFO: [Vivado 12-5682] Launching behavioral simulation in 'E:/keshe/keshe.sim/sim_1/behav/xsim'
INFO: [SIM-utils-51] Simulation object is 'sim_1'
INFO: [SIM-utils-54] Inspecting design source files for 'top_test' in fileset 'sim_1'...
INFO: [USF-XSim-97] Finding global include files...
INFO: [USF-XSim-98] Fetching design files from 'sim_1'...
INFO: [USF-XSim-2] XSim::Compile design
INFO: [USF-XSim-61] Executing 'COMPILE and ANALYZE' step in 'E:/keshe/keshe.sim/sim_1/behav/xsim'
"xvlog --incr --relax -prj top_test_vlog.prj"
INFO: [VRFC 10-2263] Analyzing Verilog file "E:/keshe/keshe.srcs/sources_1/imports/new/FSM.v" into library xil_defaultlib
INFO: [VRFC 10-311] analyzing module FSM
INFO: [VRFC 10-2263] Analyzing Verilog file "E:/keshe/keshe.srcs/sources_1/imports/new/counter.v" into library xil_defaultlib
INFO: [VRFC 10-311] analyzing module counter
INFO: [VRFC 10-2263] Analyzing Verilog file "E:/keshe/keshe.srcs/sources_1/imports/new/cur_money.v" into library xil_defaultlib
INFO: [VRFC 10-311] analyzing module cur_money
INFO: [VRFC 10-2263] Analyzing Verilog file "E:/keshe/keshe.srcs/sources_1/imports/new/decoder3_8.v" into library xil_defaultlib
INFO: [VRFC 10-311] analyzing module decoder3_8
INFO: [VRFC 10-2263] Analyzing Verilog file "E:/keshe/keshe.srcs/sources_1/imports/new/display.v" into library xil_defaultlib
INFO: [VRFC 10-311] analyzing module display
INFO: [VRFC 10-2263] Analyzing Verilog file "E:/keshe/keshe.srcs/sources_1/imports/new/divider.v" into library xil_defaultlib
INFO: [VRFC 10-311] analyzing module divider
INFO: [VRFC 10-2263] Analyzing Verilog file "E:/keshe/keshe.srcs/sources_1/new/fangdou.v" into library xil_defaultlib
INFO: [VRFC 10-311] analyzing module fangdou
INFO: [VRFC 10-2263] Analyzing Verilog file "E:/keshe/keshe.srcs/sources_1/imports/new/led_inc.v" into library xil_defaultlib
INFO: [VRFC 10-311] analyzing module led_inc
INFO: [VRFC 10-2263] Analyzing Verilog file "E:/keshe/keshe.srcs/sources_1/imports/new/pattern.v" into library xil_defaultlib
INFO: [VRFC 10-311] analyzing module pattern
INFO: [VRFC 10-2263] Analyzing Verilog file "E:/keshe/keshe.srcs/sources_1/imports/new/seven_transfer.v" into library xil_defaultlib
INFO: [VRFC 10-311] analyzing module seven_transfer
INFO: [VRFC 10-2263] Analyzing Verilog file "E:/keshe/keshe.srcs/sources_1/imports/new/top.v" into library xil_defaultlib
INFO: [VRFC 10-311] analyzing module top
INFO: [VRFC 10-2263] Analyzing Verilog file "E:/keshe/keshe.srcs/sim_1/imports/new/top_test.v" into library xil_defaultlib
INFO: [VRFC 10-311] analyzing module top_test
INFO: [USF-XSim-69] 'compile' step finished in '1' seconds
INFO: [USF-XSim-3] XSim::Elaborate design
INFO: [USF-XSim-61] Executing 'ELABORATE' step in 'E:/keshe/keshe.sim/sim_1/behav/xsim'
Vivado Simulator 2018.1
Copyright 1986-1999, 2001-2017 Xilinx, Inc. All Rights Reserved.
Running: D:/vivado/Vivado/2018.1/bin/unwrapped/win64.o/xelab.exe -wto 3ca194a17ef74525b9698c007135eadc --incr --debug typical --relax --mt 2 -L xil_defaultlib -L unisims_ver -L unimacro_ver -L secureip --snapshot top_test_behav xil_defaultlib.top_test xil_defaultlib.glbl -log elaborate.log 
Using 2 slave threads.
Starting static elaboration
Completed static elaboration
Starting simulation data flow analysis
Completed simulation data flow analysis
Time Resolution for simulation is 1ps
Compiling module xil_defaultlib.fangdou
Compiling module xil_defaultlib.FSM
Compiling module xil_defaultlib.cur_money
Compiling module xil_defaultlib.divider(N=50000)
Compiling module xil_defaultlib.counter(N=4)
Compiling module xil_defaultlib.counter(N=2)
Compiling module xil_defaultlib.decoder3_8
Compiling module xil_defaultlib.pattern
Compiling module xil_defaultlib.seven_transfer
Compiling module xil_defaultlib.display
Compiling module xil_defaultlib.divider(N=100000000)
Compiling module xil_defaultlib.led_inc
Compiling module xil_defaultlib.led_inc(SECONDS=2)
Compiling module xil_defaultlib.top
Compiling module xil_defaultlib.top_test
Compiling module xil_defaultlib.glbl
Built simulation snapshot top_test_behav
INFO: [USF-XSim-69] 'elaborate' step finished in '2' seconds
INFO: [USF-XSim-4] XSim::Simulate design
INFO: [USF-XSim-61] Executing 'SIMULATE' step in 'E:/keshe/keshe.sim/sim_1/behav/xsim'
INFO: [USF-XSim-98] *** Running xsim
   with args "top_test_behav -key {Behavioral:sim_1:Functional:top_test} -tclbatch {top_test.tcl} -log {simulate.log}"
INFO: [USF-XSim-8] Loading simulator feature
Vivado Simulator 2018.1
Time resolution is 1 ps
source top_test.tcl
# set curr_wave [current_wave_config]
# if { [string length $curr_wave] == 0 } {
#   if { [llength [get_objects]] > 0} {
#     add_wave /
#     set_property needs_save false [current_wave_config]
#   } else {
#      send_msg_id Add_Wave-1 WARNING "No top level signals found. Simulator will start without a wave window. If you want to open a wave window go to 'File->New Waveform Configuration' or type 'create_wave_config' in the TCL console."
#   }
# }
# run 1000ns
INFO: [USF-XSim-96] XSim completed. Design snapshot 'top_test_behav' loaded.
INFO: [USF-XSim-97] XSim simulation ran for 1000ns
launch_simulation: Time (s): cpu = 00:00:08 ; elapsed = 00:00:09 . Memory (MB): peak = 1667.148 ; gain = 18.285
